Using pre-set license
Built from '2020.2/release' branch; Version is '2020.2.1f1 (270dd8c3da1c) revision 2559448'; Using compiler version '192528614'; Build Type 'Release'
OS: 'Windows 10  (10.0.0) 64bit' Language: 'pt' Physical Memory: 15308 MB
BatchMode: 1, IsHumanControllingUs: 0, StartBugReporterOnCrash: 0, Is64bit: 1, IsPro: 0

 COMMAND LINE ARGUMENTS:
D:\UnityHu\2020.2.1f1\Editor\Unity.exe
-adb2
-batchMode
-noUpm
-name
AssetImportWorker1
-projectPath
D:/1/Jogo/TRABALHO CG
-logFile
Logs/AssetImportWorker1.log
-srvPort
61486
Successfully changed project path to: D:/1/Jogo/TRABALHO CG
D:/1/Jogo/TRABALHO CG
Using Asset Import Pipeline V2.
Refreshing native plugins compatible for Editor in 37.65 ms, found 0 plugins.
Preloading 0 native plugins for Editor in 0.00 ms.
Initialize engine version: 2020.2.1f1 (270dd8c3da1c)
[Subsystems] Discovering subsystems at path D:/UnityHu/2020.2.1f1/Editor/Data/Resources/UnitySubsystems
[Subsystems] Discovering subsystems at path D:/1/Jogo/TRABALHO CG/Assets
GfxDevice: creating device client; threaded=0
Direct3D:
    Version:  Direct3D 11.0 [level 11.1]
    Renderer: Radeon RX550/550 Series (ID=0x67ff)
    Vendor:   
    VRAM:     4075 MB
    Driver:   27.20.21002.112
Initialize mono
Mono path[0] = 'D:/UnityHu/2020.2.1f1/Editor/Data/Managed'
Mono path[1] = 'D:/UnityHu/2020.2.1f1/Editor/Data/MonoBleedingEdge/lib/mono/unityjit'
Mono config path = 'D:/UnityHu/2020.2.1f1/Editor/Data/MonoBleedingEdge/etc'
Using monoOptions --debugger-agent=transport=dt_socket,embedding=1,server=y,suspend=n,address=127.0.0.1:56796
Begin MonoManager ReloadAssembly
Registering precompiled unity dll's ...
Register platform support module: D:/UnityHu/2020.2.1f1/Editor/Data/PlaybackEngines/WebGLSupport/UnityEditor.WebGL.Extensions.dll
Register platform support module: D:/UnityHu/2020.2.1f1/Editor/Data/PlaybackEngines/WindowsStandaloneSupport/UnityEditor.WindowsStandalone.Extensions.dll
Registered in 0.001587 seconds.
Native extension for WindowsStandalone target not found
Native extension for WebGL target not found
Refreshing native plugins compatible for Editor in 35.34 ms, found 0 plugins.
Preloading 0 native plugins for Editor in 0.00 ms.
Invoked RoslynAnalysisRunner static constructor.
RoslynAnalysisRunner will not be running.
RoslynAnalysisRunner has terminated.
Mono: successfully reloaded assembly
- Completed reload, in  6.669 seconds
Platform modules already initialized, skipping
Registering precompiled user dll's ...
Registered in 0.000878 seconds.
Begin MonoManager ReloadAssembly
Native extension for WindowsStandalone target not found
Native extension for WebGL target not found
Refreshing native plugins compatible for Editor in 0.35 ms, found 0 plugins.
Preloading 0 native plugins for Editor in 0.00 ms.
Invoked RoslynAnalysisRunner static constructor.
RoslynAnalysisRunner will not be running.
RoslynAnalysisRunner has terminated.
Mono: successfully reloaded assembly
- Completed reload, in  1.429 seconds
Platform modules already initialized, skipping
========================================================================
Worker process is ready to serve import requests
Launched and connected shader compiler UnityShaderCompiler.exe after 0.05 seconds
Refreshing native plugins compatible for Editor in 0.30 ms, found 0 plugins.
Preloading 0 native plugins for Editor in 0.00 ms.
Unloading 1104 Unused Serialized files (Serialized files now loaded: 0)
System memory in use before: 56.8 MB.
System memory in use after: 56.9 MB.

Unloading 10 unused Assets to reduce memory usage. Loaded Objects now: 1546.
Total: 2.884200 ms (FindLiveObjects: 0.179800 ms CreateObjectMapping: 0.038500 ms MarkObjects: 2.579300 ms  DeleteObjects: 0.085000 ms)

========================================================================
Received Import Request.
  path: Assets/MazeGenerator/Scripts
  artifactKey: Guid(0aae5880656df814393928695b137751) Importer(815301076,1909f56bfc062723c751e8b465ee728b)
Start importing Assets/MazeGenerator/Scripts using Guid(0aae5880656df814393928695b137751) Importer(815301076,1909f56bfc062723c751e8b465ee728b)  -> (artifact id: '2816f5ffea79b95c7b37b8d87324d622') in 0.019477 seconds
  Import took 0.036211 seconds .

========================================================================
Received Import Request.
  Time since last request: 13.310102 seconds.
  path: Assets/MazeGenerator/Scripts/TrapFloor.cs
  artifactKey: Guid(fe6ae65e2877ff140978daf40ea01721) Importer(815301076,1909f56bfc062723c751e8b465ee728b)
Start importing Assets/MazeGenerator/Scripts/TrapFloor.cs using Guid(fe6ae65e2877ff140978daf40ea01721) Importer(815301076,1909f56bfc062723c751e8b465ee728b)  -> (artifact id: 'c984c7622c08481e306893bff648fc79') in 0.171368 seconds
  Import took 0.222964 seconds .

========================================================================
Received Prepare
Registering precompiled user dll's ...
Registered in 0.000781 seconds.
Begin MonoManager ReloadAssembly
Native extension for WindowsStandalone target not found
Native extension for WebGL target not found
Refreshing native plugins compatible for Editor in 0.24 ms, found 0 plugins.
Preloading 0 native plugins for Editor in 0.00 ms.
Invoked RoslynAnalysisRunner static constructor.
RoslynAnalysisRunner will not be running.
RoslynAnalysisRunner has terminated.
Mono: successfully reloaded assembly
- Completed reload, in  1.224 seconds
Platform modules already initialized, skipping
Refreshing native plugins compatible for Editor in 0.25 ms, found 0 plugins.
Preloading 0 native plugins for Editor in 0.00 ms.
Unloading 1100 Unused Serialized files (Serialized files now loaded: 0)
System memory in use before: 57.0 MB.
System memory in use after: 57.1 MB.

Unloading 5 unused Assets to reduce memory usage. Loaded Objects now: 1549.
Total: 2.273600 ms (FindLiveObjects: 0.203400 ms CreateObjectMapping: 0.037400 ms MarkObjects: 1.966200 ms  DeleteObjects: 0.062800 ms)

========================================================================
Received Import Request.
  Time since last request: 322.713603 seconds.
  path: Assets/MazeGenerator/Prefabs/Floor.prefab
  artifactKey: Guid(8d3b36f175a633f429d7bda54c76550d) Importer(815301076,1909f56bfc062723c751e8b465ee728b)
Start importing Assets/MazeGenerator/Prefabs/Floor.prefab using Guid(8d3b36f175a633f429d7bda54c76550d) Importer(815301076,1909f56bfc062723c751e8b465ee728b)  -> (artifact id: '19e24d70723d0297eae7167457696f7d') in 0.255137 seconds
  Import took 0.261508 seconds .

========================================================================
Received Import Request.
  Time since last request: 372.590287 seconds.
  path: Assets/Models/Pillars
  artifactKey: Guid(56a7d28eda3347946b2512c8103346ef) Importer(815301076,1909f56bfc062723c751e8b465ee728b)
Start importing Assets/Models/Pillars using Guid(56a7d28eda3347946b2512c8103346ef) Importer(815301076,1909f56bfc062723c751e8b465ee728b)  -> (artifact id: 'd3940d5f97272efcb1d4f434ae9197f4') in 0.022472 seconds
  Import took 0.025232 seconds .

========================================================================
Received Import Request.
  Time since last request: 1.243586 seconds.
  path: Assets/Models/Pillars/Pillar.fbx
  artifactKey: Guid(97ac0499775bc7a46a80f2ecb723e447) Importer(815301076,1909f56bfc062723c751e8b465ee728b)
Start importing Assets/Models/Pillars/Pillar.fbx using Guid(97ac0499775bc7a46a80f2ecb723e447) Importer(815301076,1909f56bfc062723c751e8b465ee728b)  -> (artifact id: 'bd680ddf1a5c25c4c919b14c1718ed79') in 0.143658 seconds
  Import took 0.146441 seconds .

========================================================================
Received Prepare
Registering precompiled user dll's ...
Registered in 0.000981 seconds.
Begin MonoManager ReloadAssembly
Native extension for WindowsStandalone target not found
Native extension for WebGL target not found
Refreshing native plugins compatible for Editor in 0.26 ms, found 0 plugins.
Preloading 0 native plugins for Editor in 0.00 ms.
Invoked RoslynAnalysisRunner static constructor.
RoslynAnalysisRunner will not be running.
RoslynAnalysisRunner has terminated.
Mono: successfully reloaded assembly
- Completed reload, in  1.230 seconds
Platform modules already initialized, skipping
Refreshing native plugins compatible for Editor in 0.24 ms, found 0 plugins.
Preloading 0 native plugins for Editor in 0.00 ms.
Unloading 1100 Unused Serialized files (Serialized files now loaded: 0)
System memory in use before: 60.6 MB.
System memory in use after: 60.6 MB.

Unloading 5 unused Assets to reduce memory usage. Loaded Objects now: 1562.
Total: 2.125000 ms (FindLiveObjects: 0.171700 ms CreateObjectMapping: 0.032800 ms MarkObjects: 1.864900 ms  DeleteObjects: 0.052700 ms)

========================================================================
Received Import Request.
  Time since last request: 170.273781 seconds.
  path: Assets/Prefab
  artifactKey: Guid(eef1acc6ed1321141bf75eb24d141161) Importer(815301076,1909f56bfc062723c751e8b465ee728b)
Start importing Assets/Prefab using Guid(eef1acc6ed1321141bf75eb24d141161) Importer(815301076,1909f56bfc062723c751e8b465ee728b)  -> (artifact id: '0d96fb17c85d0af7d381f2129a86619e') in 0.014708 seconds
  Import took 0.017127 seconds .

========================================================================
Received Import Request.
  Time since last request: 34.816131 seconds.
  path: Assets/Prefab/Pillar.prefab
  artifactKey: Guid(20684175ac80b204883bf3f7f10ef25b) Importer(815301076,1909f56bfc062723c751e8b465ee728b)
Start importing Assets/Prefab/Pillar.prefab using Guid(20684175ac80b204883bf3f7f10ef25b) Importer(815301076,1909f56bfc062723c751e8b465ee728b)  -> (artifact id: '8e6d3917ab971cfa7f8d0e67e2fc90d0') in 0.136421 seconds
  Import took 0.139146 seconds .

========================================================================
Received Import Request.
  Time since last request: 4.053948 seconds.
  path: Assets/Prefab/Wall.prefab
  artifactKey: Guid(5d78a223bc1a85143bac3d49cc357584) Importer(815301076,1909f56bfc062723c751e8b465ee728b)
Start importing Assets/Prefab/Wall.prefab using Guid(5d78a223bc1a85143bac3d49cc357584) Importer(815301076,1909f56bfc062723c751e8b465ee728b)  -> (artifact id: '70f880d791d6c2f09009121932a9e973') in 0.046646 seconds
  Import took 0.054148 seconds .

========================================================================
Received Import Request.
  Time since last request: 2.301478 seconds.
  path: Assets/Prefab/Floor.prefab
  artifactKey: Guid(2de88587cdd0d49428aa876ec4adbf54) Importer(815301076,1909f56bfc062723c751e8b465ee728b)
Start importing Assets/Prefab/Floor.prefab using Guid(2de88587cdd0d49428aa876ec4adbf54) Importer(815301076,1909f56bfc062723c751e8b465ee728b)  -> (artifact id: '53a375caa92c2b78afc005b9b21a404d') in 0.041551 seconds
  Import took 0.045522 seconds .

========================================================================
Received Prepare
Registering precompiled user dll's ...
Registered in 0.000898 seconds.
Begin MonoManager ReloadAssembly
Native extension for WindowsStandalone target not found
Native extension for WebGL target not found
Refreshing native plugins compatible for Editor in 0.23 ms, found 0 plugins.
Preloading 0 native plugins for Editor in 0.00 ms.
Invoked RoslynAnalysisRunner static constructor.
RoslynAnalysisRunner will not be running.
RoslynAnalysisRunner has terminated.
Mono: successfully reloaded assembly
- Completed reload, in  1.169 seconds
Platform modules already initialized, skipping
Refreshing native plugins compatible for Editor in 0.24 ms, found 0 plugins.
Preloading 0 native plugins for Editor in 0.00 ms.
Unloading 1100 Unused Serialized files (Serialized files now loaded: 0)
System memory in use before: 60.8 MB.
System memory in use after: 60.8 MB.

Unloading 5 unused Assets to reduce memory usage. Loaded Objects now: 1565.
Total: 2.686300 ms (FindLiveObjects: 0.171000 ms CreateObjectMapping: 0.034200 ms MarkObjects: 2.421800 ms  DeleteObjects: 0.057900 ms)

========================================================================
Received Prepare
Registering precompiled user dll's ...
Registered in 0.000826 seconds.
Begin MonoManager ReloadAssembly
Native extension for WindowsStandalone target not found
Native extension for WebGL target not found
Refreshing native plugins compatible for Editor in 0.25 ms, found 0 plugins.
Preloading 0 native plugins for Editor in 0.00 ms.
Invoked RoslynAnalysisRunner static constructor.
RoslynAnalysisRunner will not be running.
RoslynAnalysisRunner has terminated.
Mono: successfully reloaded assembly
- Completed reload, in  1.157 seconds
Platform modules already initialized, skipping
Refreshing native plugins compatible for Editor in 0.24 ms, found 0 plugins.
Preloading 0 native plugins for Editor in 0.00 ms.
Unloading 1100 Unused Serialized files (Serialized files now loaded: 0)
System memory in use before: 61.0 MB.
System memory in use after: 61.0 MB.

Unloading 5 unused Assets to reduce memory usage. Loaded Objects now: 1567.
Total: 1.701100 ms (FindLiveObjects: 0.162400 ms CreateObjectMapping: 0.033100 ms MarkObjects: 1.457400 ms  DeleteObjects: 0.046600 ms)

========================================================================
Received Import Request.
  Time since last request: 427.092716 seconds.
  path: Assets/Prefab/Floor.prefab
  artifactKey: Guid(2de88587cdd0d49428aa876ec4adbf54) Importer(815301076,1909f56bfc062723c751e8b465ee728b)
Start importing Assets/Prefab/Floor.prefab using Guid(2de88587cdd0d49428aa876ec4adbf54) Importer(815301076,1909f56bfc062723c751e8b465ee728b)  -> (artifact id: '20321438563176ee2621576e74ef21c1') in 0.108409 seconds
  Import took 0.111253 seconds .

========================================================================
Received Import Request.
  Time since last request: 0.023742 seconds.
  path: Assets/Prefab/Floor.prefab
  artifactKey: Guid(2de88587cdd0d49428aa876ec4adbf54) Importer(815301076,1909f56bfc062723c751e8b465ee728b)
Start importing Assets/Prefab/Floor.prefab using Guid(2de88587cdd0d49428aa876ec4adbf54) Importer(815301076,1909f56bfc062723c751e8b465ee728b)  -> (artifact id: '20321438563176ee2621576e74ef21c1') in 0.014645 seconds
  Import took 0.017344 seconds .

========================================================================
Received Import Request.
  Time since last request: 7.427509 seconds.
  path: Assets/Prefab/Floor.prefab
  artifactKey: Guid(2de88587cdd0d49428aa876ec4adbf54) Importer(815301076,1909f56bfc062723c751e8b465ee728b)
Start importing Assets/Prefab/Floor.prefab using Guid(2de88587cdd0d49428aa876ec4adbf54) Importer(815301076,1909f56bfc062723c751e8b465ee728b)  -> (artifact id: '396459c1bdcb97e3aa8334991018f809') in 0.020199 seconds
  Import took 0.022995 seconds .

========================================================================
Received Import Request.
  Time since last request: 1.703827 seconds.
  path: Assets/Prefab/Wall.prefab
  artifactKey: Guid(5d78a223bc1a85143bac3d49cc357584) Importer(815301076,1909f56bfc062723c751e8b465ee728b)
Start importing Assets/Prefab/Wall.prefab using Guid(5d78a223bc1a85143bac3d49cc357584) Importer(815301076,1909f56bfc062723c751e8b465ee728b)  -> (artifact id: '8f6f57db0daeca5b3bc805edca2f9feb') in 0.026454 seconds
  Import took 0.029431 seconds .

========================================================================
Received Import Request.
  Time since last request: 0.000335 seconds.
  path: Assets/Prefab/Wall.prefab
  artifactKey: Guid(5d78a223bc1a85143bac3d49cc357584) Importer(815301076,1909f56bfc062723c751e8b465ee728b)
Start importing Assets/Prefab/Wall.prefab using Guid(5d78a223bc1a85143bac3d49cc357584) Importer(815301076,1909f56bfc062723c751e8b465ee728b)  -> (artifact id: '8f6f57db0daeca5b3bc805edca2f9feb') in 0.022361 seconds
  Import took 0.025972 seconds .

========================================================================
Received Import Request.
  Time since last request: 7.957187 seconds.
  path: Assets/Prefab/Pillar.prefab
  artifactKey: Guid(20684175ac80b204883bf3f7f10ef25b) Importer(815301076,1909f56bfc062723c751e8b465ee728b)
Start importing Assets/Prefab/Pillar.prefab using Guid(20684175ac80b204883bf3f7f10ef25b) Importer(815301076,1909f56bfc062723c751e8b465ee728b)  -> (artifact id: 'ae2e4d2ae7391d63afe0606632f9c992') in 0.028184 seconds
  Import took 0.031165 seconds .

========================================================================
Received Prepare
Registering precompiled user dll's ...
Registered in 0.001145 seconds.
Begin MonoManager ReloadAssembly
Native extension for WindowsStandalone target not found
Native extension for WebGL target not found
Refreshing native plugins compatible for Editor in 0.40 ms, found 0 plugins.
Preloading 0 native plugins for Editor in 0.00 ms.
Invoked RoslynAnalysisRunner static constructor.
RoslynAnalysisRunner will not be running.
RoslynAnalysisRunner has terminated.
Mono: successfully reloaded assembly
- Completed reload, in  1.089 seconds
Platform modules already initialized, skipping
Refreshing native plugins compatible for Editor in 0.26 ms, found 0 plugins.
Preloading 0 native plugins for Editor in 0.00 ms.
Unloading 1100 Unused Serialized files (Serialized files now loaded: 0)
System memory in use before: 61.1 MB.
System memory in use after: 61.1 MB.

Unloading 5 unused Assets to reduce memory usage. Loaded Objects now: 1570.
Total: 2.552200 ms (FindLiveObjects: 0.191200 ms CreateObjectMapping: 0.041900 ms MarkObjects: 2.257000 ms  DeleteObjects: 0.060300 ms)

========================================================================
Received Import Request.
  Time since last request: 9.620666 seconds.
  path: Assets
  artifactKey: Guid(00000000000000001000000000000000) Importer(815301076,1909f56bfc062723c751e8b465ee728b)
Start importing Assets using Guid(00000000000000001000000000000000) Importer(815301076,1909f56bfc062723c751e8b465ee728b)  -> (artifact id: 'e1a2c4dac9df7c17871e19a3b74f0e9f') in 0.015751 seconds
  Import took 0.018685 seconds .

========================================================================
Received Import Request.
  Time since last request: 4.343566 seconds.
  path: Assets/Scritps
  artifactKey: Guid(8122637556ad0584d9559750e0945c16) Importer(815301076,1909f56bfc062723c751e8b465ee728b)
Start importing Assets/Scritps using Guid(8122637556ad0584d9559750e0945c16) Importer(815301076,1909f56bfc062723c751e8b465ee728b)  -> (artifact id: '4ee03de8b1a9c5a7f99b7e33a584eb0c') in 0.017129 seconds
  Import took 0.020228 seconds .

========================================================================
Received Import Request.
  Time since last request: 4.382726 seconds.
  path: Assets/Scripts
  artifactKey: Guid(8122637556ad0584d9559750e0945c16) Importer(815301076,1909f56bfc062723c751e8b465ee728b)
Start importing Assets/Scripts using Guid(8122637556ad0584d9559750e0945c16) Importer(815301076,1909f56bfc062723c751e8b465ee728b)  -> (artifact id: 'a03eccd4fd3634c7fdd9288f4884eccc') in 0.007136 seconds
  Import took 0.009679 seconds .

========================================================================
Received Prepare
Registering precompiled user dll's ...
Registered in 0.000877 seconds.
Begin MonoManager ReloadAssembly
Native extension for WindowsStandalone target not found
Native extension for WebGL target not found
Refreshing native plugins compatible for Editor in 0.26 ms, found 0 plugins.
Preloading 0 native plugins for Editor in 0.00 ms.
Invoked RoslynAnalysisRunner static constructor.
RoslynAnalysisRunner will not be running.
RoslynAnalysisRunner has terminated.
Mono: successfully reloaded assembly
- Completed reload, in  1.143 seconds
Platform modules already initialized, skipping
Refreshing native plugins compatible for Editor in 0.25 ms, found 0 plugins.
Preloading 0 native plugins for Editor in 0.00 ms.
Unloading 1100 Unused Serialized files (Serialized files now loaded: 0)
System memory in use before: 61.4 MB.
System memory in use after: 61.5 MB.

Unloading 5 unused Assets to reduce memory usage. Loaded Objects now: 1572.
Total: 2.649700 ms (FindLiveObjects: 0.180400 ms CreateObjectMapping: 0.043400 ms MarkObjects: 2.357500 ms  DeleteObjects: 0.066700 ms)

========================================================================
Received Import Request.
  Time since last request: 53.619516 seconds.
  path: Assets/Scripts/WallReet.cs
  artifactKey: Guid(4610eb344879dfc4b9f3a7acebb1db6e) Importer(815301076,1909f56bfc062723c751e8b465ee728b)
Start importing Assets/Scripts/WallReet.cs using Guid(4610eb344879dfc4b9f3a7acebb1db6e) Importer(815301076,1909f56bfc062723c751e8b465ee728b)  -> (artifact id: '0d626e876c59b57d6c8f8f1052d684b7') in 0.023632 seconds
  Import took 0.027485 seconds .

========================================================================
Received Import Request.
  Time since last request: 0.016839 seconds.
  path: Assets/Scripts/WallReet.cs
  artifactKey: Guid(4610eb344879dfc4b9f3a7acebb1db6e) Importer(815301076,1909f56bfc062723c751e8b465ee728b)
Start importing Assets/Scripts/WallReet.cs using Guid(4610eb344879dfc4b9f3a7acebb1db6e) Importer(815301076,1909f56bfc062723c751e8b465ee728b)  -> (artifact id: '0d626e876c59b57d6c8f8f1052d684b7') in 0.010552 seconds
  Import took 0.015828 seconds .

========================================================================
Received Prepare
Registering precompiled user dll's ...
Registered in 0.000990 seconds.
Begin MonoManager ReloadAssembly
Native extension for WindowsStandalone target not found
Native extension for WebGL target not found
Refreshing native plugins compatible for Editor in 0.29 ms, found 0 plugins.
Preloading 0 native plugins for Editor in 0.00 ms.
Invoked RoslynAnalysisRunner static constructor.
RoslynAnalysisRunner will not be running.
RoslynAnalysisRunner has terminated.
Mono: successfully reloaded assembly
- Completed reload, in  1.141 seconds
Platform modules already initialized, skipping
Refreshing native plugins compatible for Editor in 0.27 ms, found 0 plugins.
Preloading 0 native plugins for Editor in 0.00 ms.
Unloading 1101 Unused Serialized files (Serialized files now loaded: 0)
System memory in use before: 61.6 MB.
System memory in use after: 61.7 MB.

Unloading 5 unused Assets to reduce memory usage. Loaded Objects now: 1575.
Total: 2.031900 ms (FindLiveObjects: 0.185400 ms CreateObjectMapping: 0.037000 ms MarkObjects: 1.751100 ms  DeleteObjects: 0.057300 ms)

========================================================================
Received Import Request.
  Time since last request: 5.886278 seconds.
  path: Assets/Scripts/WallReset.cs
  artifactKey: Guid(4610eb344879dfc4b9f3a7acebb1db6e) Importer(815301076,1909f56bfc062723c751e8b465ee728b)
Start importing Assets/Scripts/WallReset.cs using Guid(4610eb344879dfc4b9f3a7acebb1db6e) Importer(815301076,1909f56bfc062723c751e8b465ee728b)  -> (artifact id: '155f711c19b82999d838ff5aaa861bf5') in 0.023859 seconds
  Import took 0.026818 seconds .

========================================================================
Received Prepare
Registering precompiled user dll's ...
Registered in 0.001061 seconds.
Begin MonoManager ReloadAssembly
Native extension for WindowsStandalone target not found
Native extension for WebGL target not found
Refreshing native plugins compatible for Editor in 0.26 ms, found 0 plugins.
Preloading 0 native plugins for Editor in 0.00 ms.
Invoked RoslynAnalysisRunner static constructor.
RoslynAnalysisRunner will not be running.
RoslynAnalysisRunner has terminated.
Mono: successfully reloaded assembly
- Completed reload, in  1.115 seconds
Platform modules already initialized, skipping
Refreshing native plugins compatible for Editor in 0.26 ms, found 0 plugins.
Preloading 0 native plugins for Editor in 0.00 ms.
Unloading 1101 Unused Serialized files (Serialized files now loaded: 0)
System memory in use before: 61.8 MB.
System memory in use after: 61.9 MB.

Unloading 5 unused Assets to reduce memory usage. Loaded Objects now: 1577.
Total: 2.504600 ms (FindLiveObjects: 0.213200 ms CreateObjectMapping: 0.040300 ms MarkObjects: 2.185600 ms  DeleteObjects: 0.063800 ms)

========================================================================
Received Import Request.
  Time since last request: 29.772132 seconds.
  path: Assets/Prefab/Wall.prefab
  artifactKey: Guid(5d78a223bc1a85143bac3d49cc357584) Importer(815301076,1909f56bfc062723c751e8b465ee728b)
Start importing Assets/Prefab/Wall.prefab using Guid(5d78a223bc1a85143bac3d49cc357584) Importer(815301076,1909f56bfc062723c751e8b465ee728b)  -> (artifact id: '397c07d4e0f80057ed534e79c6fe5f5d') in 0.110074 seconds
  Import took 0.112901 seconds .

========================================================================
Received Prepare
Registering precompiled user dll's ...
Registered in 0.001021 seconds.
Begin MonoManager ReloadAssembly
Native extension for WindowsStandalone target not found
Native extension for WebGL target not found
Refreshing native plugins compatible for Editor in 0.24 ms, found 0 plugins.
Preloading 0 native plugins for Editor in 0.00 ms.
Invoked RoslynAnalysisRunner static constructor.
RoslynAnalysisRunner will not be running.
RoslynAnalysisRunner has terminated.
Mono: successfully reloaded assembly
- Completed reload, in  1.215 seconds
Platform modules already initialized, skipping
Refreshing native plugins compatible for Editor in 0.28 ms, found 0 plugins.
Preloading 0 native plugins for Editor in 0.00 ms.
Unloading 1100 Unused Serialized files (Serialized files now loaded: 0)
System memory in use before: 62.0 MB.
System memory in use after: 62.1 MB.

Unloading 6 unused Assets to reduce memory usage. Loaded Objects now: 1579.
Total: 2.412700 ms (FindLiveObjects: 0.181600 ms CreateObjectMapping: 0.035600 ms MarkObjects: 2.104300 ms  DeleteObjects: 0.089600 ms)

========================================================================
Received Prepare
Registering precompiled user dll's ...
Registered in 0.000788 seconds.
Begin MonoManager ReloadAssembly
Native extension for WindowsStandalone target not found
Native extension for WebGL target not found
Refreshing native plugins compatible for Editor in 0.26 ms, found 0 plugins.
Preloading 0 native plugins for Editor in 0.00 ms.
Invoked RoslynAnalysisRunner static constructor.
RoslynAnalysisRunner will not be running.
RoslynAnalysisRunner has terminated.
Mono: successfully reloaded assembly
- Completed reload, in  1.151 seconds
Platform modules already initialized, skipping
Refreshing native plugins compatible for Editor in 0.27 ms, found 0 plugins.
Preloading 0 native plugins for Editor in 0.00 ms.
Unloading 1099 Unused Serialized files (Serialized files now loaded: 0)
System memory in use before: 62.1 MB.
System memory in use after: 62.2 MB.

Unloading 6 unused Assets to reduce memory usage. Loaded Objects now: 1580.
Total: 2.014300 ms (FindLiveObjects: 0.179800 ms CreateObjectMapping: 0.034800 ms MarkObjects: 1.741100 ms  DeleteObjects: 0.057100 ms)

========================================================================
Received Import Request.
  Time since last request: 25.427528 seconds.
  path: Assets/Scripts/WallTrigger.cs
  artifactKey: Guid(f920f0c08c906ac4cb962d71337b370f) Importer(815301076,1909f56bfc062723c751e8b465ee728b)
Start importing Assets/Scripts/WallTrigger.cs using Guid(f920f0c08c906ac4cb962d71337b370f) Importer(815301076,1909f56bfc062723c751e8b465ee728b)  -> (artifact id: 'e66f11c4ac7650baf5f0bde6c58d4b7f') in 0.023700 seconds
  Import took 0.026923 seconds .

========================================================================
Received Import Request.
  Time since last request: 0.017240 seconds.
  path: Assets/Scripts/WallTrigger.cs
  artifactKey: Guid(f920f0c08c906ac4cb962d71337b370f) Importer(815301076,1909f56bfc062723c751e8b465ee728b)
Start importing Assets/Scripts/WallTrigger.cs using Guid(f920f0c08c906ac4cb962d71337b370f) Importer(815301076,1909f56bfc062723c751e8b465ee728b)  -> (artifact id: 'e66f11c4ac7650baf5f0bde6c58d4b7f') in 0.010130 seconds
  Import took 0.012713 seconds .

========================================================================
Received Prepare
Registering precompiled user dll's ...
Registered in 0.000880 seconds.
Begin MonoManager ReloadAssembly
Native extension for WindowsStandalone target not found
Native extension for WebGL target not found
Refreshing native plugins compatible for Editor in 0.24 ms, found 0 plugins.
Preloading 0 native plugins for Editor in 0.00 ms.
Invoked RoslynAnalysisRunner static constructor.
RoslynAnalysisRunner will not be running.
RoslynAnalysisRunner has terminated.
Mono: successfully reloaded assembly
- Completed reload, in  1.105 seconds
Platform modules already initialized, skipping
Refreshing native plugins compatible for Editor in 0.26 ms, found 0 plugins.
Preloading 0 native plugins for Editor in 0.00 ms.
Unloading 1100 Unused Serialized files (Serialized files now loaded: 0)
System memory in use before: 61.4 MB.
System memory in use after: 61.4 MB.

Unloading 5 unused Assets to reduce memory usage. Loaded Objects now: 1583.
Total: 2.167000 ms (FindLiveObjects: 0.227700 ms CreateObjectMapping: 0.041100 ms MarkObjects: 1.833500 ms  DeleteObjects: 0.063000 ms)

========================================================================
Received Prepare
Registering precompiled user dll's ...
Registered in 0.000992 seconds.
Begin MonoManager ReloadAssembly
Native extension for WindowsStandalone target not found
Native extension for WebGL target not found
Refreshing native plugins compatible for Editor in 0.40 ms, found 0 plugins.
Preloading 0 native plugins for Editor in 0.00 ms.
Invoked RoslynAnalysisRunner static constructor.
RoslynAnalysisRunner will not be running.
RoslynAnalysisRunner has terminated.
Mono: successfully reloaded assembly
- Completed reload, in  1.142 seconds
Platform modules already initialized, skipping
Refreshing native plugins compatible for Editor in 0.32 ms, found 0 plugins.
Preloading 0 native plugins for Editor in 0.00 ms.
Unloading 1101 Unused Serialized files (Serialized files now loaded: 0)
System memory in use before: 61.6 MB.
System memory in use after: 61.7 MB.

Unloading 5 unused Assets to reduce memory usage. Loaded Objects now: 1586.
Total: 1.832000 ms (FindLiveObjects: 0.160900 ms CreateObjectMapping: 0.030200 ms MarkObjects: 1.586000 ms  DeleteObjects: 0.053400 ms)

========================================================================
Received Prepare
Registering precompiled user dll's ...
Registered in 0.000853 seconds.
Begin MonoManager ReloadAssembly
Native extension for WindowsStandalone target not found
Native extension for WebGL target not found
Refreshing native plugins compatible for Editor in 0.27 ms, found 0 plugins.
Preloading 0 native plugins for Editor in 0.00 ms.
Invoked RoslynAnalysisRunner static constructor.
RoslynAnalysisRunner will not be running.
RoslynAnalysisRunner has terminated.
Mono: successfully reloaded assembly
- Completed reload, in  1.115 seconds
Platform modules already initialized, skipping
Refreshing native plugins compatible for Editor in 0.26 ms, found 0 plugins.
Preloading 0 native plugins for Editor in 0.00 ms.
Unloading 1101 Unused Serialized files (Serialized files now loaded: 0)
System memory in use before: 61.8 MB.
System memory in use after: 61.8 MB.

Unloading 5 unused Assets to reduce memory usage. Loaded Objects now: 1588.
Total: 2.146100 ms (FindLiveObjects: 0.321500 ms CreateObjectMapping: 0.035400 ms MarkObjects: 1.731400 ms  DeleteObjects: 0.056200 ms)

========================================================================
Received Import Request.
  Time since last request: 76.923800 seconds.
  path: Assets/Scripts/GameManager.cs
  artifactKey: Guid(23d8664a0116bf2448f74377d8e1b805) Importer(815301076,1909f56bfc062723c751e8b465ee728b)
Start importing Assets/Scripts/GameManager.cs using Guid(23d8664a0116bf2448f74377d8e1b805) Importer(815301076,1909f56bfc062723c751e8b465ee728b)  -> (artifact id: '374c100847dc06a6c3d540efb0a9cf1b') in 0.030600 seconds
  Import took 0.034422 seconds .

========================================================================
Received Import Request.
  Time since last request: 0.012028 seconds.
  path: Assets/Scripts/GameManager.cs
  artifactKey: Guid(23d8664a0116bf2448f74377d8e1b805) Importer(815301076,1909f56bfc062723c751e8b465ee728b)
Start importing Assets/Scripts/GameManager.cs using Guid(23d8664a0116bf2448f74377d8e1b805) Importer(815301076,1909f56bfc062723c751e8b465ee728b)  -> (artifact id: '374c100847dc06a6c3d540efb0a9cf1b') in 0.012725 seconds
  Import took 0.018585 seconds .

========================================================================
Received Prepare
Registering precompiled user dll's ...
Registered in 0.001009 seconds.
Begin MonoManager ReloadAssembly
Native extension for WindowsStandalone target not found
Native extension for WebGL target not found
Refreshing native plugins compatible for Editor in 0.26 ms, found 0 plugins.
Preloading 0 native plugins for Editor in 0.00 ms.
Invoked RoslynAnalysisRunner static constructor.
RoslynAnalysisRunner will not be running.
RoslynAnalysisRunner has terminated.
Mono: successfully reloaded assembly
- Completed reload, in  1.091 seconds
Platform modules already initialized, skipping
Refreshing native plugins compatible for Editor in 0.23 ms, found 0 plugins.
Preloading 0 native plugins for Editor in 0.00 ms.
Unloading 1102 Unused Serialized files (Serialized files now loaded: 0)
System memory in use before: 62.0 MB.
System memory in use after: 62.1 MB.

Unloading 5 unused Assets to reduce memory usage. Loaded Objects now: 1591.
Total: 2.055400 ms (FindLiveObjects: 0.192300 ms CreateObjectMapping: 0.043400 ms MarkObjects: 1.762200 ms  DeleteObjects: 0.055700 ms)

========================================================================
Received Prepare
Registering precompiled user dll's ...
Registered in 0.000976 seconds.
Begin MonoManager ReloadAssembly
Native extension for WindowsStandalone target not found
Native extension for WebGL target not found
Refreshing native plugins compatible for Editor in 0.28 ms, found 0 plugins.
Preloading 0 native plugins for Editor in 0.00 ms.
Invoked RoslynAnalysisRunner static constructor.
RoslynAnalysisRunner will not be running.
RoslynAnalysisRunner has terminated.
Mono: successfully reloaded assembly
- Completed reload, in  1.099 seconds
Platform modules already initialized, skipping
Refreshing native plugins compatible for Editor in 0.26 ms, found 0 plugins.
Preloading 0 native plugins for Editor in 0.00 ms.
Unloading 1102 Unused Serialized files (Serialized files now loaded: 0)
System memory in use before: 62.2 MB.
System memory in use after: 62.2 MB.

Unloading 5 unused Assets to reduce memory usage. Loaded Objects now: 1593.
Total: 2.139200 ms (FindLiveObjects: 0.233300 ms CreateObjectMapping: 0.037200 ms MarkObjects: 1.807100 ms  DeleteObjects: 0.060200 ms)

========================================================================
Received Import Request.
  Time since last request: 141.709024 seconds.
  path: Assets/Scripts/Player.cs
  artifactKey: Guid(744f5929e5e91bd40b8ef09bab175e8f) Importer(815301076,1909f56bfc062723c751e8b465ee728b)
Start importing Assets/Scripts/Player.cs using Guid(744f5929e5e91bd40b8ef09bab175e8f) Importer(815301076,1909f56bfc062723c751e8b465ee728b)  -> (artifact id: 'c2714b63ed93ee7332f42dbcc5be72a0') in 0.023831 seconds
  Import took 0.028054 seconds .

========================================================================
Received Import Request.
  Time since last request: 0.023126 seconds.
  path: Assets/Scripts/Player.cs
  artifactKey: Guid(744f5929e5e91bd40b8ef09bab175e8f) Importer(815301076,1909f56bfc062723c751e8b465ee728b)
Start importing Assets/Scripts/Player.cs using Guid(744f5929e5e91bd40b8ef09bab175e8f) Importer(815301076,1909f56bfc062723c751e8b465ee728b)  -> (artifact id: 'c2714b63ed93ee7332f42dbcc5be72a0') in 0.009878 seconds
  Import took 0.012393 seconds .

========================================================================
Received Prepare
Registering precompiled user dll's ...
Registered in 0.000982 seconds.
Begin MonoManager ReloadAssembly
Native extension for WindowsStandalone target not found
Native extension for WebGL target not found
Refreshing native plugins compatible for Editor in 0.23 ms, found 0 plugins.
Preloading 0 native plugins for Editor in 0.00 ms.
Invoked RoslynAnalysisRunner static constructor.
RoslynAnalysisRunner will not be running.
RoslynAnalysisRunner has terminated.
Mono: successfully reloaded assembly
- Completed reload, in  1.158 seconds
Platform modules already initialized, skipping
Refreshing native plugins compatible for Editor in 0.26 ms, found 0 plugins.
Preloading 0 native plugins for Editor in 0.00 ms.
Unloading 1103 Unused Serialized files (Serialized files now loaded: 0)
System memory in use before: 62.2 MB.
System memory in use after: 62.3 MB.

Unloading 5 unused Assets to reduce memory usage. Loaded Objects now: 1596.
Total: 2.490800 ms (FindLiveObjects: 0.236600 ms CreateObjectMapping: 0.037400 ms MarkObjects: 2.155700 ms  DeleteObjects: 0.059100 ms)

========================================================================
Received Prepare
Registering precompiled user dll's ...
Registered in 0.001027 seconds.
Begin MonoManager ReloadAssembly
Native extension for WindowsStandalone target not found
Native extension for WebGL target not found
Refreshing native plugins compatible for Editor in 0.27 ms, found 0 plugins.
Preloading 0 native plugins for Editor in 0.00 ms.
Invoked RoslynAnalysisRunner static constructor.
RoslynAnalysisRunner will not be running.
RoslynAnalysisRunner has terminated.
Mono: successfully reloaded assembly
- Completed reload, in  1.102 seconds
Platform modules already initialized, skipping
Refreshing native plugins compatible for Editor in 0.26 ms, found 0 plugins.
Preloading 0 native plugins for Editor in 0.00 ms.
Unloading 1103 Unused Serialized files (Serialized files now loaded: 0)
System memory in use before: 61.6 MB.
System memory in use after: 61.7 MB.

Unloading 5 unused Assets to reduce memory usage. Loaded Objects now: 1598.
Total: 2.109100 ms (FindLiveObjects: 0.219000 ms CreateObjectMapping: 0.037000 ms MarkObjects: 1.793000 ms  DeleteObjects: 0.058900 ms)

========================================================================
Received Import Request.
  Time since last request: 232.839983 seconds.
  path: Assets/Models/Debris
  artifactKey: Guid(8b397e647d3e168409e8714d54e30551) Importer(815301076,1909f56bfc062723c751e8b465ee728b)
Start importing Assets/Models/Debris using Guid(8b397e647d3e168409e8714d54e30551) Importer(815301076,1909f56bfc062723c751e8b465ee728b)  -> (artifact id: 'c0425c69b5c61f525252da238d58ae2e') in 0.017533 seconds
  Import took 0.019994 seconds .

========================================================================
Received Import Request.
  Time since last request: 2.474811 seconds.
  path: Assets/Models/Debris/Debris.012.fbx
  artifactKey: Guid(85542f71112700640b06878a82f274a0) Importer(815301076,1909f56bfc062723c751e8b465ee728b)
Start importing Assets/Models/Debris/Debris.012.fbx using Guid(85542f71112700640b06878a82f274a0) Importer(815301076,1909f56bfc062723c751e8b465ee728b)  -> (artifact id: 'b3cb527d7761e8f062d796ac4e33ffeb') in 0.121009 seconds
  Import took 0.123636 seconds .

========================================================================
Received Import Request.
  Time since last request: 0.671488 seconds.
  path: Assets/Models/Debris/Debris.fbx
  artifactKey: Guid(eb3efcd4c74542b409789d75ec28a7f4) Importer(815301076,1909f56bfc062723c751e8b465ee728b)
Start importing Assets/Models/Debris/Debris.fbx using Guid(eb3efcd4c74542b409789d75ec28a7f4) Importer(815301076,1909f56bfc062723c751e8b465ee728b)  -> (artifact id: 'b79866880c53339a87b25aea8c41e84f') in 0.025648 seconds
  Import took 0.028925 seconds .

========================================================================
Received Import Request.
  Time since last request: 2.314332 seconds.
  path: Assets/Models/Debris/Debris.004.fbx
  artifactKey: Guid(b3875e26f13d49f44af71c28baafc1ae) Importer(815301076,1909f56bfc062723c751e8b465ee728b)
Start importing Assets/Models/Debris/Debris.004.fbx using Guid(b3875e26f13d49f44af71c28baafc1ae) Importer(815301076,1909f56bfc062723c751e8b465ee728b)  -> (artifact id: 'a46ac8fd17a88add6ec07bc86a7885e8') in 0.029648 seconds
  Import took 0.032352 seconds .

========================================================================
Received Import Request.
  Time since last request: 4.495697 seconds.
  path: Assets/Models/Furniture
  artifactKey: Guid(3b22f8d96a762e0469fa17bb2eeeca51) Importer(815301076,1909f56bfc062723c751e8b465ee728b)
Start importing Assets/Models/Furniture using Guid(3b22f8d96a762e0469fa17bb2eeeca51) Importer(815301076,1909f56bfc062723c751e8b465ee728b)  -> (artifact id: 'bf1c79147b06c8235a710893e20ba468') in 0.018039 seconds
  Import took 0.021018 seconds .

========================================================================
Received Import Request.
  Time since last request: 1.664881 seconds.
  path: Assets/Models/Furniture/Stool.fbx
  artifactKey: Guid(ec2fde301fd76a144aa68e4430d63518) Importer(815301076,1909f56bfc062723c751e8b465ee728b)
Start importing Assets/Models/Furniture/Stool.fbx using Guid(ec2fde301fd76a144aa68e4430d63518) Importer(815301076,1909f56bfc062723c751e8b465ee728b)  -> (artifact id: '9540dacb7d2e1ef125b9cba30c6fc25b') in 0.027758 seconds
  Import took 0.030442 seconds .

========================================================================
Received Import Request.
  Time since last request: 1.739035 seconds.
  path: Assets/Models/Furniture/Floor.fbx
  artifactKey: Guid(15a7cb02c03877b448bd2b155732eec0) Importer(815301076,1909f56bfc062723c751e8b465ee728b)
Start importing Assets/Models/Furniture/Floor.fbx using Guid(15a7cb02c03877b448bd2b155732eec0) Importer(815301076,1909f56bfc062723c751e8b465ee728b)  -> (artifact id: '5e8b61a6594367a9cf9c70fe2dff76b9') in 0.038317 seconds
  Import took 0.041703 seconds .

========================================================================
Received Import Request.
  Time since last request: 1.148039 seconds.
  path: Assets/Models/Furniture/Chair.fbx
  artifactKey: Guid(ef730b2d395cdd64db267e587f2ce2ca) Importer(815301076,1909f56bfc062723c751e8b465ee728b)
Start importing Assets/Models/Furniture/Chair.fbx using Guid(ef730b2d395cdd64db267e587f2ce2ca) Importer(815301076,1909f56bfc062723c751e8b465ee728b)  -> (artifact id: '38373a51ae62268e3b7f3e4008b929cd') in 0.028311 seconds
  Import took 0.030523 seconds .

========================================================================
Received Import Request.
  Time since last request: 2.040553 seconds.
  path: Assets/Models/Furniture/Candles 2.fbx
  artifactKey: Guid(eb5e99111dee43d40b020886affc5606) Importer(815301076,1909f56bfc062723c751e8b465ee728b)
Start importing Assets/Models/Furniture/Candles 2.fbx using Guid(eb5e99111dee43d40b020886affc5606) Importer(815301076,1909f56bfc062723c751e8b465ee728b)  -> (artifact id: 'f740f64ceed58e7dcbea29a745326cb4') in 0.025900 seconds
  Import took 0.028511 seconds .

========================================================================
Received Import Request.
  Time since last request: 7.907236 seconds.
  path: Assets/Models/Prefabs
  artifactKey: Guid(cac0f26097084024d8c8292bf8d13f39) Importer(815301076,1909f56bfc062723c751e8b465ee728b)
Start importing Assets/Models/Prefabs using Guid(cac0f26097084024d8c8292bf8d13f39) Importer(815301076,1909f56bfc062723c751e8b465ee728b)  -> (artifact id: 'a9166f06da0d063eebe6c92a33971b6f') in 0.014951 seconds
  Import took 0.031229 seconds .

========================================================================
Received Import Request.
  Time since last request: 1.869784 seconds.
  path: Assets/Models/Prefabs/Torch Holder Prefab.prefab
  artifactKey: Guid(8ed289e27f4539445b76827aa39e73fc) Importer(815301076,1909f56bfc062723c751e8b465ee728b)
Start importing Assets/Models/Prefabs/Torch Holder Prefab.prefab using Guid(8ed289e27f4539445b76827aa39e73fc) Importer(815301076,1909f56bfc062723c751e8b465ee728b)  -> (artifact id: '3cc8fced18b26c4c5bf6ebf3cf2fde3a') in 0.073294 seconds
  Import took 0.076139 seconds .

========================================================================
Received Import Request.
  Time since last request: 0.010173 seconds.
  path: Assets/Models/Prefabs/Torch Holder Prefab.prefab
  artifactKey: Guid(8ed289e27f4539445b76827aa39e73fc) Importer(815301076,1909f56bfc062723c751e8b465ee728b)
Start importing Assets/Models/Prefabs/Torch Holder Prefab.prefab using Guid(8ed289e27f4539445b76827aa39e73fc) Importer(815301076,1909f56bfc062723c751e8b465ee728b)  -> (artifact id: '3cc8fced18b26c4c5bf6ebf3cf2fde3a') in 0.015678 seconds
  Import took 0.019550 seconds .

========================================================================
Received Import Request.
  Time since last request: 1.219057 seconds.
  path: Assets/Models/Prefabs/Torch Prefab.prefab
  artifactKey: Guid(204245b8b0fcc074c9594f354bd25ba4) Importer(815301076,1909f56bfc062723c751e8b465ee728b)
Start importing Assets/Models/Prefabs/Torch Prefab.prefab using Guid(204245b8b0fcc074c9594f354bd25ba4) Importer(815301076,1909f56bfc062723c751e8b465ee728b)  -> (artifact id: '969a7892a0bb086f9dccee8bf03af0f4') in 0.026381 seconds
  Import took 0.029446 seconds .

========================================================================
Received Import Request.
  Time since last request: 0.004218 seconds.
  path: Assets/Models/Prefabs/Torch Prefab.prefab
  artifactKey: Guid(204245b8b0fcc074c9594f354bd25ba4) Importer(815301076,1909f56bfc062723c751e8b465ee728b)
Start importing Assets/Models/Prefabs/Torch Prefab.prefab using Guid(204245b8b0fcc074c9594f354bd25ba4) Importer(815301076,1909f56bfc062723c751e8b465ee728b)  -> (artifact id: '969a7892a0bb086f9dccee8bf03af0f4') in 0.019765 seconds
  Import took 0.023514 seconds .

========================================================================
Received Import Request.
  Time since last request: 18.321798 seconds.
  path: Assets/Models/Objects
  artifactKey: Guid(e0fc18be57e398b4aa3bbeed4cc61012) Importer(815301076,1909f56bfc062723c751e8b465ee728b)
Start importing Assets/Models/Objects using Guid(e0fc18be57e398b4aa3bbeed4cc61012) Importer(815301076,1909f56bfc062723c751e8b465ee728b)  -> (artifact id: 'dab66ee8f64620092f05e32ea154a66e') in 0.010699 seconds
  Import took 0.013156 seconds .

========================================================================
Received Import Request.
  Time since last request: 2.714602 seconds.
  path: Assets/Models/Objects/Crate.fbx
  artifactKey: Guid(f98a723c6b6719f42ad2baf936a2bb4c) Importer(815301076,1909f56bfc062723c751e8b465ee728b)
Start importing Assets/Models/Objects/Crate.fbx using Guid(f98a723c6b6719f42ad2baf936a2bb4c) Importer(815301076,1909f56bfc062723c751e8b465ee728b)  -> (artifact id: '579c7c3d823808874d21b46273578a92') in 0.024619 seconds
  Import took 0.027201 seconds .

========================================================================
Received Import Request.
  Time since last request: 13.111252 seconds.
  path: Assets/Prefab/Wall.prefab
  artifactKey: Guid(5d78a223bc1a85143bac3d49cc357584) Importer(815301076,1909f56bfc062723c751e8b465ee728b)
Start importing Assets/Prefab/Wall.prefab using Guid(5d78a223bc1a85143bac3d49cc357584) Importer(815301076,1909f56bfc062723c751e8b465ee728b)  -> (artifact id: '45fc01dce03fa98ddb39b1d68b4a0310') in 0.018442 seconds
  Import took 0.021278 seconds .

========================================================================
Received Prepare
Registering precompiled user dll's ...
Registered in 0.001314 seconds.
Begin MonoManager ReloadAssembly
Native extension for WindowsStandalone target not found
Native extension for WebGL target not found
Refreshing native plugins compatible for Editor in 0.26 ms, found 0 plugins.
Preloading 0 native plugins for Editor in 0.00 ms.
Invoked RoslynAnalysisRunner static constructor.
RoslynAnalysisRunner will not be running.
RoslynAnalysisRunner has terminated.
Mono: successfully reloaded assembly
- Completed reload, in  1.016 seconds
Platform modules already initialized, skipping
Refreshing native plugins compatible for Editor in 0.31 ms, found 0 plugins.
Preloading 0 native plugins for Editor in 0.00 ms.
Unloading 1103 Unused Serialized files (Serialized files now loaded: 0)
System memory in use before: 61.8 MB.
System memory in use after: 61.9 MB.

Unloading 5 unused Assets to reduce memory usage. Loaded Objects now: 1601.
Total: 2.002400 ms (FindLiveObjects: 0.174100 ms CreateObjectMapping: 0.029400 ms MarkObjects: 1.742900 ms  DeleteObjects: 0.054400 ms)

========================================================================
Received Import Request.
  Time since last request: 79.111508 seconds.
  path: ProjectSettings/TagManager.asset
  artifactKey: Guid(00000000000000003000000000000000) Importer(815301076,1909f56bfc062723c751e8b465ee728b)
Start importing ProjectSettings/TagManager.asset using Guid(00000000000000003000000000000000) Importer(815301076,1909f56bfc062723c751e8b465ee728b)  -> (artifact id: '8988b340c206bb1d98ca0d47b0266d3b') in 0.022144 seconds
  Import took 0.024646 seconds .

========================================================================
Received Import Request.
  Time since last request: 0.029470 seconds.
  path: ProjectSettings/TagManager.asset
  artifactKey: Guid(00000000000000003000000000000000) Importer(815301076,1909f56bfc062723c751e8b465ee728b)
Start importing ProjectSettings/TagManager.asset using Guid(00000000000000003000000000000000) Importer(815301076,1909f56bfc062723c751e8b465ee728b)  -> (artifact id: '8988b340c206bb1d98ca0d47b0266d3b') in 0.004778 seconds
  Import took 0.007247 seconds .

========================================================================
Received Prepare
Registering precompiled user dll's ...
Registered in 0.000998 seconds.
Begin MonoManager ReloadAssembly
Native extension for WindowsStandalone target not found
Native extension for WebGL target not found
Refreshing native plugins compatible for Editor in 0.26 ms, found 0 plugins.
Preloading 0 native plugins for Editor in 0.00 ms.
Invoked RoslynAnalysisRunner static constructor.
RoslynAnalysisRunner will not be running.
RoslynAnalysisRunner has terminated.
Mono: successfully reloaded assembly
- Completed reload, in  1.109 seconds
Platform modules already initialized, skipping
Refreshing native plugins compatible for Editor in 0.30 ms, found 0 plugins.
Preloading 0 native plugins for Editor in 0.00 ms.
Unloading 1103 Unused Serialized files (Serialized files now loaded: 0)
System memory in use before: 62.0 MB.
System memory in use after: 62.1 MB.

Unloading 7 unused Assets to reduce memory usage. Loaded Objects now: 1603.
Total: 2.198300 ms (FindLiveObjects: 0.190400 ms CreateObjectMapping: 0.036200 ms MarkObjects: 1.913900 ms  DeleteObjects: 0.056800 ms)

========================================================================
Received Prepare
Registering precompiled user dll's ...
Registered in 0.000934 seconds.
Begin MonoManager ReloadAssembly
Native extension for WindowsStandalone target not found
Native extension for WebGL target not found
Refreshing native plugins compatible for Editor in 0.27 ms, found 0 plugins.
Preloading 0 native plugins for Editor in 0.00 ms.
Invoked RoslynAnalysisRunner static constructor.
RoslynAnalysisRunner will not be running.
RoslynAnalysisRunner has terminated.
Mono: successfully reloaded assembly
- Completed reload, in  1.122 seconds
Platform modules already initialized, skipping
Refreshing native plugins compatible for Editor in 0.29 ms, found 0 plugins.
Preloading 0 native plugins for Editor in 0.00 ms.
Unloading 1103 Unused Serialized files (Serialized files now loaded: 0)
System memory in use before: 62.2 MB.
System memory in use after: 62.3 MB.

Unloading 5 unused Assets to reduce memory usage. Loaded Objects now: 1605.
Total: 2.743700 ms (FindLiveObjects: 0.192900 ms CreateObjectMapping: 0.035900 ms MarkObjects: 2.454100 ms  DeleteObjects: 0.059400 ms)

========================================================================
Received Prepare
Registering precompiled user dll's ...
Registered in 0.000840 seconds.
Begin MonoManager ReloadAssembly
Native extension for WindowsStandalone target not found
Native extension for WebGL target not found
Refreshing native plugins compatible for Editor in 0.27 ms, found 0 plugins.
Preloading 0 native plugins for Editor in 0.00 ms.
Invoked RoslynAnalysisRunner static constructor.
RoslynAnalysisRunner will not be running.
RoslynAnalysisRunner has terminated.
Mono: successfully reloaded assembly
- Completed reload, in  1.138 seconds
Platform modules already initialized, skipping
Refreshing native plugins compatible for Editor in 0.22 ms, found 0 plugins.
Preloading 0 native plugins for Editor in 0.00 ms.
Unloading 1103 Unused Serialized files (Serialized files now loaded: 0)
System memory in use before: 62.3 MB.
System memory in use after: 62.3 MB.

Unloading 5 unused Assets to reduce memory usage. Loaded Objects now: 1607.
Total: 2.307300 ms (FindLiveObjects: 0.186300 ms CreateObjectMapping: 0.053400 ms MarkObjects: 2.013900 ms  DeleteObjects: 0.051600 ms)

========================================================================
Received Import Request.
  Time since last request: 153.417497 seconds.
  path: ProjectSettings/TagManager.asset
  artifactKey: Guid(00000000000000003000000000000000) Importer(815301076,1909f56bfc062723c751e8b465ee728b)
Start importing ProjectSettings/TagManager.asset using Guid(00000000000000003000000000000000) Importer(815301076,1909f56bfc062723c751e8b465ee728b)  -> (artifact id: '9f6bfa644e2e5b20e7dc2b3c6406b2b0') in 0.015006 seconds
  Import took 0.017593 seconds .

========================================================================
Received Import Request.
  Time since last request: 0.001388 seconds.
  path: ProjectSettings/TagManager.asset
  artifactKey: Guid(00000000000000003000000000000000) Importer(815301076,1909f56bfc062723c751e8b465ee728b)
Start importing ProjectSettings/TagManager.asset using Guid(00000000000000003000000000000000) Importer(815301076,1909f56bfc062723c751e8b465ee728b)  -> (artifact id: '9f6bfa644e2e5b20e7dc2b3c6406b2b0') in 0.004695 seconds
  Import took 0.007188 seconds .

========================================================================
Received Import Request.
  Time since last request: 18.494966 seconds.
  path: Assets/Scenes/SampleScene.unity
  artifactKey: Guid(9fc0d4010bbf28b4594072e72b8655ab) Importer(815301076,1909f56bfc062723c751e8b465ee728b)
Start importing Assets/Scenes/SampleScene.unity using Guid(9fc0d4010bbf28b4594072e72b8655ab) Importer(815301076,1909f56bfc062723c751e8b465ee728b)  -> (artifact id: '61f3f05b51a42274e3ba5298bd99d78f') in 0.005541 seconds
  Import took 0.008171 seconds .

========================================================================
Received Prepare
Registering precompiled user dll's ...
Registered in 0.001102 seconds.
Begin MonoManager ReloadAssembly
Native extension for WindowsStandalone target not found
Native extension for WebGL target not found
Refreshing native plugins compatible for Editor in 0.25 ms, found 0 plugins.
Preloading 0 native plugins for Editor in 0.00 ms.
Invoked RoslynAnalysisRunner static constructor.
RoslynAnalysisRunner will not be running.
RoslynAnalysisRunner has terminated.
Mono: successfully reloaded assembly
- Completed reload, in  1.097 seconds
Platform modules already initialized, skipping
Refreshing native plugins compatible for Editor in 0.29 ms, found 0 plugins.
Preloading 0 native plugins for Editor in 0.00 ms.
Unloading 1103 Unused Serialized files (Serialized files now loaded: 0)
System memory in use before: 61.6 MB.
System memory in use after: 61.7 MB.

Unloading 7 unused Assets to reduce memory usage. Loaded Objects now: 1609.
Total: 2.069900 ms (FindLiveObjects: 0.191400 ms CreateObjectMapping: 0.036200 ms MarkObjects: 1.787000 ms  DeleteObjects: 0.054100 ms)

========================================================================
Received Import Request.
  Time since last request: 57.215105 seconds.
  path: Assets/MazeGenerator/demo.unity
  artifactKey: Guid(5f66713930f36f84a865122d99889d76) Importer(815301076,1909f56bfc062723c751e8b465ee728b)
Start importing Assets/MazeGenerator/demo.unity using Guid(5f66713930f36f84a865122d99889d76) Importer(815301076,1909f56bfc062723c751e8b465ee728b)  -> (artifact id: 'b2da6a96442fb24b2fac0d45eed6b914') in 0.019697 seconds
  Import took 0.022269 seconds .

========================================================================
Received Import Request.
  Time since last request: 5.403807 seconds.
  path: Assets/Scenes/SampleScene.unity
  artifactKey: Guid(9fc0d4010bbf28b4594072e72b8655ab) Importer(815301076,1909f56bfc062723c751e8b465ee728b)
Start importing Assets/Scenes/SampleScene.unity using Guid(9fc0d4010bbf28b4594072e72b8655ab) Importer(815301076,1909f56bfc062723c751e8b465ee728b)  -> (artifact id: '037038abc7a3b8dc58a4758c59317baa') in 0.004983 seconds
  Import took 0.007583 seconds .

========================================================================
Received Prepare
Registering precompiled user dll's ...
Registered in 0.000972 seconds.
Begin MonoManager ReloadAssembly
Native extension for WindowsStandalone target not found
Native extension for WebGL target not found
Refreshing native plugins compatible for Editor in 0.29 ms, found 0 plugins.
Preloading 0 native plugins for Editor in 0.00 ms.
Invoked RoslynAnalysisRunner static constructor.
RoslynAnalysisRunner will not be running.
RoslynAnalysisRunner has terminated.
Mono: successfully reloaded assembly
- Completed reload, in  1.130 seconds
Platform modules already initialized, skipping
Refreshing native plugins compatible for Editor in 0.26 ms, found 0 plugins.
Preloading 0 native plugins for Editor in 0.00 ms.
Unloading 1103 Unused Serialized files (Serialized files now loaded: 0)
System memory in use before: 61.8 MB.
System memory in use after: 61.9 MB.

Unloading 5 unused Assets to reduce memory usage. Loaded Objects now: 1611.
Total: 2.042300 ms (FindLiveObjects: 0.175500 ms CreateObjectMapping: 0.036600 ms MarkObjects: 1.775700 ms  DeleteObjects: 0.053400 ms)

AssetImportWorkerClient::OnTransportError - code=2 error=End of file
